<?xml version="1.0" encoding="UTF-8"?>
<testsuite xmlns:xsi="http://www.w3.org/2001/XMLSchema-instance" xsi:noNamespaceSchemaLocation="https://maven.apache.org/surefire/maven-surefire-plugin/xsd/surefire-test-report.xsd" name="com.cjj.qlemusic.portal.RedisTest" time="26.276" tests="2" errors="0" skipped="0" failures="0">
  <properties>
    <property name="sun.desktop" value="windows"/>
    <property name="awt.toolkit" value="sun.awt.windows.WToolkit"/>
    <property name="file.encoding.pkg" value="sun.io"/>
    <property name="java.specification.version" value="1.8"/>
    <property name="sun.cpu.isalist" value="amd64"/>
    <property name="sun.jnu.encoding" value="GBK"/>
    <property name="java.class.path" value="F:\javaweb\qlemusic\qlemusic-portal\target\test-classes;F:\javaweb\qlemusic\qlemusic-portal\target\classes;F:\maven\maven_repository\mysql\mysql-connector-java\8.0.17\mysql-connector-java-8.0.17.jar;F:\maven\maven_repository\com\google\protobuf\protobuf-java\3.6.1\protobuf-java-3.6.1.jar;F:\maven\maven_repository\org\springframework\data\spring-data-commons\2.1.5.RELEASE\spring-data-commons-2.1.5.RELEASE.jar;F:\maven\maven_repository\org\springframework\spring-core\5.1.11.RELEASE\spring-core-5.1.11.RELEASE.jar;F:\maven\maven_repository\org\springframework\spring-jcl\5.1.11.RELEASE\spring-jcl-5.1.11.RELEASE.jar;F:\maven\maven_repository\org\springframework\spring-beans\5.1.11.RELEASE\spring-beans-5.1.11.RELEASE.jar;F:\maven\maven_repository\org\slf4j\slf4j-api\1.7.29\slf4j-api-1.7.29.jar;F:\maven\maven_repository\org\springframework\boot\spring-boot-starter-amqp\2.1.10.RELEASE\spring-boot-starter-amqp-2.1.10.RELEASE.jar;F:\maven\maven_repository\org\springframework\boot\spring-boot-starter\2.1.10.RELEASE\spring-boot-starter-2.1.10.RELEASE.jar;F:\maven\maven_repository\org\springframework\boot\spring-boot\2.1.10.RELEASE\spring-boot-2.1.10.RELEASE.jar;F:\maven\maven_repository\org\springframework\boot\spring-boot-starter-logging\2.1.10.RELEASE\spring-boot-starter-logging-2.1.10.RELEASE.jar;F:\maven\maven_repository\ch\qos\logback\logback-classic\1.2.3\logback-classic-1.2.3.jar;F:\maven\maven_repository\ch\qos\logback\logback-core\1.2.3\logback-core-1.2.3.jar;F:\maven\maven_repository\org\apache\logging\log4j\log4j-to-slf4j\2.11.2\log4j-to-slf4j-2.11.2.jar;F:\maven\maven_repository\org\apache\logging\log4j\log4j-api\2.11.2\log4j-api-2.11.2.jar;F:\maven\maven_repository\org\slf4j\jul-to-slf4j\1.7.29\jul-to-slf4j-1.7.29.jar;F:\maven\maven_repository\javax\annotation\javax.annotation-api\1.3.2\javax.annotation-api-1.3.2.jar;F:\maven\maven_repository\org\yaml\snakeyaml\1.23\snakeyaml-1.23.jar;F:\maven\maven_repository\org\springframework\spring-messaging\5.1.11.RELEASE\spring-messaging-5.1.11.RELEASE.jar;F:\maven\maven_repository\org\springframework\amqp\spring-rabbit\2.1.12.RELEASE\spring-rabbit-2.1.12.RELEASE.jar;F:\maven\maven_repository\com\rabbitmq\amqp-client\5.4.3\amqp-client-5.4.3.jar;F:\maven\maven_repository\org\springframework\amqp\spring-amqp\2.1.12.RELEASE\spring-amqp-2.1.12.RELEASE.jar;F:\maven\maven_repository\org\springframework\retry\spring-retry\1.2.4.RELEASE\spring-retry-1.2.4.RELEASE.jar;F:\maven\maven_repository\org\springframework\spring-context\5.1.11.RELEASE\spring-context-5.1.11.RELEASE.jar;F:\maven\maven_repository\org\springframework\spring-tx\5.1.11.RELEASE\spring-tx-5.1.11.RELEASE.jar;F:\javaweb\qlemusic\qlemusic-security\target\qlemusic-security-1.0-SNAPSHOT.jar;F:\maven\maven_repository\org\springframework\boot\spring-boot-starter-data-redis\2.1.10.RELEASE\spring-boot-starter-data-redis-2.1.10.RELEASE.jar;F:\maven\maven_repository\org\springframework\data\spring-data-redis\2.1.12.RELEASE\spring-data-redis-2.1.12.RELEASE.jar;F:\maven\maven_repository\org\springframework\data\spring-data-keyvalue\2.1.12.RELEASE\spring-data-keyvalue-2.1.12.RELEASE.jar;F:\maven\maven_repository\org\springframework\spring-oxm\5.1.11.RELEASE\spring-oxm-5.1.11.RELEASE.jar;F:\maven\maven_repository\org\springframework\spring-context-support\5.1.11.RELEASE\spring-context-support-5.1.11.RELEASE.jar;F:\maven\maven_repository\io\lettuce\lettuce-core\5.1.8.RELEASE\lettuce-core-5.1.8.RELEASE.jar;F:\maven\maven_repository\io\netty\netty-common\4.1.43.Final\netty-common-4.1.43.Final.jar;F:\maven\maven_repository\io\netty\netty-handler\4.1.43.Final\netty-handler-4.1.43.Final.jar;F:\maven\maven_repository\io\netty\netty-buffer\4.1.43.Final\netty-buffer-4.1.43.Final.jar;F:\maven\maven_repository\io\netty\netty-codec\4.1.43.Final\netty-codec-4.1.43.Final.jar;F:\maven\maven_repository\io\netty\netty-transport\4.1.43.Final\netty-transport-4.1.43.Final.jar;F:\maven\maven_repository\io\netty\netty-resolver\4.1.43.Final\netty-resolver-4.1.43.Final.jar;F:\maven\maven_repository\io\projectreactor\reactor-core\3.2.12.RELEASE\reactor-core-3.2.12.RELEASE.jar;F:\maven\maven_repository\org\reactivestreams\reactive-streams\1.0.3\reactive-streams-1.0.3.jar;F:\maven\maven_repository\org\crazycake\shiro-redis\3.2.3\shiro-redis-3.2.3.jar;F:\maven\maven_repository\redis\clients\jedis\2.9.3\jedis-2.9.3.jar;F:\maven\maven_repository\org\apache\commons\commons-pool2\2.6.2\commons-pool2-2.6.2.jar;F:\maven\maven_repository\org\apache\shiro\shiro-ehcache\1.4.2\shiro-ehcache-1.4.2.jar;F:\maven\maven_repository\org\apache\shiro\shiro-cache\1.4.2\shiro-cache-1.4.2.jar;F:\maven\maven_repository\net\sf\ehcache\ehcache-core\2.6.11\ehcache-core-2.6.11.jar;F:\maven\maven_repository\cn\hutool\hutool-all\4.5.7\hutool-all-4.5.7.jar;F:\maven\maven_repository\io\jsonwebtoken\jjwt\0.9.1\jjwt-0.9.1.jar;F:\maven\maven_repository\com\fasterxml\jackson\core\jackson-databind\2.9.10.1\jackson-databind-2.9.10.1.jar;F:\maven\maven_repository\com\fasterxml\jackson\core\jackson-annotations\2.9.10\jackson-annotations-2.9.10.jar;F:\maven\maven_repository\com\fasterxml\jackson\core\jackson-core\2.9.10\jackson-core-2.9.10.jar;F:\maven\maven_repository\com\aliyun\oss\aliyun-sdk-oss\2.5.0\aliyun-sdk-oss-2.5.0.jar;F:\maven\maven_repository\org\apache\httpcomponents\httpclient\4.5.10\httpclient-4.5.10.jar;F:\maven\maven_repository\commons-codec\commons-codec\1.11\commons-codec-1.11.jar;F:\maven\maven_repository\org\jdom\jdom\1.1\jdom-1.1.jar;F:\maven\maven_repository\net\sf\json-lib\json-lib\2.4\json-lib-2.4-jdk15.jar;F:\maven\maven_repository\commons-beanutils\commons-beanutils\1.8.0\commons-beanutils-1.8.0.jar;F:\maven\maven_repository\commons-collections\commons-collections\3.2.1\commons-collections-3.2.1.jar;F:\maven\maven_repository\commons-lang\commons-lang\2.5\commons-lang-2.5.jar;F:\maven\maven_repository\net\sf\ezmorph\ezmorph\1.0.6\ezmorph-1.0.6.jar;F:\maven\maven_repository\com\aliyun\aliyun-java-sdk-core\4.5.3\aliyun-java-sdk-core-4.5.3.jar;F:\maven\maven_repository\com\google\code\gson\gson\2.8.6\gson-2.8.6.jar;F:\maven\maven_repository\org\apache\httpcomponents\httpcore\4.4.12\httpcore-4.4.12.jar;F:\maven\maven_repository\commons-logging\commons-logging\1.2\commons-logging-1.2.jar;F:\maven\maven_repository\javax\xml\bind\jaxb-api\2.3.1\jaxb-api-2.3.1.jar;F:\maven\maven_repository\javax\activation\javax.activation-api\1.2.0\javax.activation-api-1.2.0.jar;F:\maven\maven_repository\org\jacoco\org.jacoco.agent\0.8.5\org.jacoco.agent-0.8.5-runtime.jar;F:\maven\maven_repository\org\ini4j\ini4j\0.5.4\ini4j-0.5.4.jar;F:\maven\maven_repository\io\opentracing\opentracing-api\0.33.0\opentracing-api-0.33.0.jar;F:\maven\maven_repository\io\opentracing\opentracing-util\0.33.0\opentracing-util-0.33.0.jar;F:\maven\maven_repository\io\opentracing\opentracing-noop\0.33.0\opentracing-noop-0.33.0.jar;F:\maven\maven_repository\net\gplatform\Sdk4J\2.0\Sdk4J-2.0.jar;F:\javaweb\qlemusic\qlemusic-common\target\qlemusic-common-1.0-SNAPSHOT.jar;F:\maven\maven_repository\io\springfox\springfox-swagger2\2.9.2\springfox-swagger2-2.9.2.jar;F:\maven\maven_repository\io\swagger\swagger-annotations\1.5.20\swagger-annotations-1.5.20.jar;F:\maven\maven_repository\io\swagger\swagger-models\1.5.20\swagger-models-1.5.20.jar;F:\maven\maven_repository\io\springfox\springfox-spi\2.9.2\springfox-spi-2.9.2.jar;F:\maven\maven_repository\io\springfox\springfox-core\2.9.2\springfox-core-2.9.2.jar;F:\maven\maven_repository\io\springfox\springfox-schema\2.9.2\springfox-schema-2.9.2.jar;F:\maven\maven_repository\io\springfox\springfox-swagger-common\2.9.2\springfox-swagger-common-2.9.2.jar;F:\maven\maven_repository\io\springfox\springfox-spring-web\2.9.2\springfox-spring-web-2.9.2.jar;F:\maven\maven_repository\com\google\guava\guava\20.0\guava-20.0.jar;F:\maven\maven_repository\org\springframework\plugin\spring-plugin-core\1.2.0.RELEASE\spring-plugin-core-1.2.0.RELEASE.jar;F:\maven\maven_repository\org\springframework\plugin\spring-plugin-metadata\1.2.0.RELEASE\spring-plugin-metadata-1.2.0.RELEASE.jar;F:\maven\maven_repository\org\mapstruct\mapstruct\1.2.0.Final\mapstruct-1.2.0.Final.jar;F:\maven\maven_repository\io\springfox\springfox-swagger-ui\2.9.2\springfox-swagger-ui-2.9.2.jar;F:\maven\maven_repository\org\springframework\boot\spring-boot-starter-web\2.1.10.RELEASE\spring-boot-starter-web-2.1.10.RELEASE.jar;F:\maven\maven_repository\org\springframework\boot\spring-boot-starter-json\2.1.10.RELEASE\spring-boot-starter-json-2.1.10.RELEASE.jar;F:\maven\maven_repository\com\fasterxml\jackson\datatype\jackson-datatype-jdk8\2.9.10\jackson-datatype-jdk8-2.9.10.jar;F:\maven\maven_repository\com\fasterxml\jackson\datatype\jackson-datatype-jsr310\2.9.10\jackson-datatype-jsr310-2.9.10.jar;F:\maven\maven_repository\com\fasterxml\jackson\module\jackson-module-parameter-names\2.9.10\jackson-module-parameter-names-2.9.10.jar;F:\maven\maven_repository\org\springframework\boot\spring-boot-starter-tomcat\2.1.10.RELEASE\spring-boot-starter-tomcat-2.1.10.RELEASE.jar;F:\maven\maven_repository\org\apache\tomcat\embed\tomcat-embed-core\9.0.27\tomcat-embed-core-9.0.27.jar;F:\maven\maven_repository\org\apache\tomcat\embed\tomcat-embed-el\9.0.27\tomcat-embed-el-9.0.27.jar;F:\maven\maven_repository\org\apache\tomcat\embed\tomcat-embed-websocket\9.0.27\tomcat-embed-websocket-9.0.27.jar;F:\maven\maven_repository\org\hibernate\validator\hibernate-validator\6.0.18.Final\hibernate-validator-6.0.18.Final.jar;F:\maven\maven_repository\javax\validation\validation-api\2.0.1.Final\validation-api-2.0.1.Final.jar;F:\maven\maven_repository\org\jboss\logging\jboss-logging\3.3.3.Final\jboss-logging-3.3.3.Final.jar;F:\maven\maven_repository\com\fasterxml\classmate\1.4.0\classmate-1.4.0.jar;F:\maven\maven_repository\org\springframework\spring-web\5.1.11.RELEASE\spring-web-5.1.11.RELEASE.jar;F:\maven\maven_repository\org\springframework\spring-webmvc\5.1.11.RELEASE\spring-webmvc-5.1.11.RELEASE.jar;F:\maven\maven_repository\org\springframework\spring-expression\5.1.11.RELEASE\spring-expression-5.1.11.RELEASE.jar;F:\maven\maven_repository\org\springframework\boot\spring-boot-starter-aop\2.1.10.RELEASE\spring-boot-starter-aop-2.1.10.RELEASE.jar;F:\maven\maven_repository\org\springframework\spring-aop\5.1.11.RELEASE\spring-aop-5.1.11.RELEASE.jar;F:\maven\maven_repository\org\aspectj\aspectjweaver\1.9.4\aspectjweaver-1.9.4.jar;F:\maven\maven_repository\org\springframework\boot\spring-boot-starter-test\2.1.10.RELEASE\spring-boot-starter-test-2.1.10.RELEASE.jar;F:\maven\maven_repository\org\springframework\boot\spring-boot-test\2.1.10.RELEASE\spring-boot-test-2.1.10.RELEASE.jar;F:\maven\maven_repository\org\springframework\boot\spring-boot-test-autoconfigure\2.1.10.RELEASE\spring-boot-test-autoconfigure-2.1.10.RELEASE.jar;F:\maven\maven_repository\com\jayway\jsonpath\json-path\2.4.0\json-path-2.4.0.jar;F:\maven\maven_repository\net\minidev\json-smart\2.3\json-smart-2.3.jar;F:\maven\maven_repository\net\minidev\accessors-smart\1.2\accessors-smart-1.2.jar;F:\maven\maven_repository\org\ow2\asm\asm\5.0.4\asm-5.0.4.jar;F:\maven\maven_repository\junit\junit\4.12\junit-4.12.jar;F:\maven\maven_repository\org\assertj\assertj-core\3.11.1\assertj-core-3.11.1.jar;F:\maven\maven_repository\org\mockito\mockito-core\2.23.4\mockito-core-2.23.4.jar;F:\maven\maven_repository\net\bytebuddy\byte-buddy\1.9.16\byte-buddy-1.9.16.jar;F:\maven\maven_repository\net\bytebuddy\byte-buddy-agent\1.9.16\byte-buddy-agent-1.9.16.jar;F:\maven\maven_repository\org\objenesis\objenesis\2.6\objenesis-2.6.jar;F:\maven\maven_repository\org\hamcrest\hamcrest-core\1.3\hamcrest-core-1.3.jar;F:\maven\maven_repository\org\hamcrest\hamcrest-library\1.3\hamcrest-library-1.3.jar;F:\maven\maven_repository\org\skyscreamer\jsonassert\1.5.0\jsonassert-1.5.0.jar;F:\maven\maven_repository\com\vaadin\external\google\android-json\0.0.20131108.vaadin1\android-json-0.0.20131108.vaadin1.jar;F:\maven\maven_repository\org\springframework\spring-test\5.1.11.RELEASE\spring-test-5.1.11.RELEASE.jar;F:\maven\maven_repository\org\xmlunit\xmlunit-core\2.6.3\xmlunit-core-2.6.3.jar;F:\maven\maven_repository\com\github\pagehelper\pagehelper-spring-boot-starter\1.2.10\pagehelper-spring-boot-starter-1.2.10.jar;F:\maven\maven_repository\org\mybatis\spring\boot\mybatis-spring-boot-starter\1.3.2\mybatis-spring-boot-starter-1.3.2.jar;F:\maven\maven_repository\org\springframework\boot\spring-boot-starter-jdbc\2.1.10.RELEASE\spring-boot-starter-jdbc-2.1.10.RELEASE.jar;F:\maven\maven_repository\com\zaxxer\HikariCP\3.2.0\HikariCP-3.2.0.jar;F:\maven\maven_repository\org\springframework\spring-jdbc\5.1.11.RELEASE\spring-jdbc-5.1.11.RELEASE.jar;F:\maven\maven_repository\org\mybatis\spring\boot\mybatis-spring-boot-autoconfigure\1.3.2\mybatis-spring-boot-autoconfigure-1.3.2.jar;F:\maven\maven_repository\org\mybatis\mybatis\3.4.5\mybatis-3.4.5.jar;F:\maven\maven_repository\org\mybatis\mybatis-spring\1.3.2\mybatis-spring-1.3.2.jar;F:\maven\maven_repository\com\github\pagehelper\pagehelper-spring-boot-autoconfigure\1.2.10\pagehelper-spring-boot-autoconfigure-1.2.10.jar;F:\maven\maven_repository\com\github\pagehelper\pagehelper\5.1.8\pagehelper-5.1.8.jar;F:\maven\maven_repository\com\github\jsqlparser\jsqlparser\1.2\jsqlparser-1.2.jar;F:\maven\maven_repository\com\alibaba\druid-spring-boot-starter\1.1.22\druid-spring-boot-starter-1.1.22.jar;F:\maven\maven_repository\com\alibaba\druid\1.1.22\druid-1.1.22.jar;F:\maven\maven_repository\org\springframework\boot\spring-boot-autoconfigure\2.1.10.RELEASE\spring-boot-autoconfigure-2.1.10.RELEASE.jar;F:\maven\maven_repository\org\apache\shiro\shiro-spring\1.4.2\shiro-spring-1.4.2.jar;F:\maven\maven_repository\org\apache\shiro\shiro-core\1.4.2\shiro-core-1.4.2.jar;F:\maven\maven_repository\org\apache\shiro\shiro-lang\1.4.2\shiro-lang-1.4.2.jar;F:\maven\maven_repository\org\apache\shiro\shiro-crypto-hash\1.4.2\shiro-crypto-hash-1.4.2.jar;F:\maven\maven_repository\org\apache\shiro\shiro-crypto-core\1.4.2\shiro-crypto-core-1.4.2.jar;F:\maven\maven_repository\org\apache\shiro\shiro-crypto-cipher\1.4.2\shiro-crypto-cipher-1.4.2.jar;F:\maven\maven_repository\org\apache\shiro\shiro-config-core\1.4.2\shiro-config-core-1.4.2.jar;F:\maven\maven_repository\org\apache\shiro\shiro-config-ogdl\1.4.2\shiro-config-ogdl-1.4.2.jar;F:\maven\maven_repository\org\apache\shiro\shiro-event\1.4.2\shiro-event-1.4.2.jar;F:\maven\maven_repository\org\apache\shiro\shiro-web\1.4.2\shiro-web-1.4.2.jar;"/>
    <property name="java.vm.vendor" value="JetBrains s.r.o"/>
    <property name="sun.arch.data.model" value="64"/>
    <property name="user.variant" value=""/>
    <property name="java.vendor.url" value="https://www.jetbrains.com/"/>
    <property name="user.timezone" value="Asia/Shanghai"/>
    <property name="java.vm.specification.version" value="1.8"/>
    <property name="os.name" value="Windows 10"/>
    <property name="user.country" value="CN"/>
    <property name="sun.java.launcher" value="SUN_STANDARD"/>
    <property name="sun.boot.library.path" value="D:\IDEA\IntelliJ IDEA 2017.3.1\jre64\bin"/>
    <property name="sun.java.command" value="C:\Users\admin\AppData\Local\Temp\surefire7314111759044273637\surefirebooter7824121329656626481.jar C:\Users\admin\AppData\Local\Temp\surefire7314111759044273637 2020-10-29T19-06-04_970-jvmRun1 surefire2594558529464914198tmp surefire_0710450334205828512tmp"/>
    <property name="surefire.test.class.path" value="F:\javaweb\qlemusic\qlemusic-portal\target\test-classes;F:\javaweb\qlemusic\qlemusic-portal\target\classes;F:\maven\maven_repository\mysql\mysql-connector-java\8.0.17\mysql-connector-java-8.0.17.jar;F:\maven\maven_repository\com\google\protobuf\protobuf-java\3.6.1\protobuf-java-3.6.1.jar;F:\maven\maven_repository\org\springframework\data\spring-data-commons\2.1.5.RELEASE\spring-data-commons-2.1.5.RELEASE.jar;F:\maven\maven_repository\org\springframework\spring-core\5.1.11.RELEASE\spring-core-5.1.11.RELEASE.jar;F:\maven\maven_repository\org\springframework\spring-jcl\5.1.11.RELEASE\spring-jcl-5.1.11.RELEASE.jar;F:\maven\maven_repository\org\springframework\spring-beans\5.1.11.RELEASE\spring-beans-5.1.11.RELEASE.jar;F:\maven\maven_repository\org\slf4j\slf4j-api\1.7.29\slf4j-api-1.7.29.jar;F:\maven\maven_repository\org\springframework\boot\spring-boot-starter-amqp\2.1.10.RELEASE\spring-boot-starter-amqp-2.1.10.RELEASE.jar;F:\maven\maven_repository\org\springframework\boot\spring-boot-starter\2.1.10.RELEASE\spring-boot-starter-2.1.10.RELEASE.jar;F:\maven\maven_repository\org\springframework\boot\spring-boot\2.1.10.RELEASE\spring-boot-2.1.10.RELEASE.jar;F:\maven\maven_repository\org\springframework\boot\spring-boot-starter-logging\2.1.10.RELEASE\spring-boot-starter-logging-2.1.10.RELEASE.jar;F:\maven\maven_repository\ch\qos\logback\logback-classic\1.2.3\logback-classic-1.2.3.jar;F:\maven\maven_repository\ch\qos\logback\logback-core\1.2.3\logback-core-1.2.3.jar;F:\maven\maven_repository\org\apache\logging\log4j\log4j-to-slf4j\2.11.2\log4j-to-slf4j-2.11.2.jar;F:\maven\maven_repository\org\apache\logging\log4j\log4j-api\2.11.2\log4j-api-2.11.2.jar;F:\maven\maven_repository\org\slf4j\jul-to-slf4j\1.7.29\jul-to-slf4j-1.7.29.jar;F:\maven\maven_repository\javax\annotation\javax.annotation-api\1.3.2\javax.annotation-api-1.3.2.jar;F:\maven\maven_repository\org\yaml\snakeyaml\1.23\snakeyaml-1.23.jar;F:\maven\maven_repository\org\springframework\spring-messaging\5.1.11.RELEASE\spring-messaging-5.1.11.RELEASE.jar;F:\maven\maven_repository\org\springframework\amqp\spring-rabbit\2.1.12.RELEASE\spring-rabbit-2.1.12.RELEASE.jar;F:\maven\maven_repository\com\rabbitmq\amqp-client\5.4.3\amqp-client-5.4.3.jar;F:\maven\maven_repository\org\springframework\amqp\spring-amqp\2.1.12.RELEASE\spring-amqp-2.1.12.RELEASE.jar;F:\maven\maven_repository\org\springframework\retry\spring-retry\1.2.4.RELEASE\spring-retry-1.2.4.RELEASE.jar;F:\maven\maven_repository\org\springframework\spring-context\5.1.11.RELEASE\spring-context-5.1.11.RELEASE.jar;F:\maven\maven_repository\org\springframework\spring-tx\5.1.11.RELEASE\spring-tx-5.1.11.RELEASE.jar;F:\javaweb\qlemusic\qlemusic-security\target\qlemusic-security-1.0-SNAPSHOT.jar;F:\maven\maven_repository\org\springframework\boot\spring-boot-starter-data-redis\2.1.10.RELEASE\spring-boot-starter-data-redis-2.1.10.RELEASE.jar;F:\maven\maven_repository\org\springframework\data\spring-data-redis\2.1.12.RELEASE\spring-data-redis-2.1.12.RELEASE.jar;F:\maven\maven_repository\org\springframework\data\spring-data-keyvalue\2.1.12.RELEASE\spring-data-keyvalue-2.1.12.RELEASE.jar;F:\maven\maven_repository\org\springframework\spring-oxm\5.1.11.RELEASE\spring-oxm-5.1.11.RELEASE.jar;F:\maven\maven_repository\org\springframework\spring-context-support\5.1.11.RELEASE\spring-context-support-5.1.11.RELEASE.jar;F:\maven\maven_repository\io\lettuce\lettuce-core\5.1.8.RELEASE\lettuce-core-5.1.8.RELEASE.jar;F:\maven\maven_repository\io\netty\netty-common\4.1.43.Final\netty-common-4.1.43.Final.jar;F:\maven\maven_repository\io\netty\netty-handler\4.1.43.Final\netty-handler-4.1.43.Final.jar;F:\maven\maven_repository\io\netty\netty-buffer\4.1.43.Final\netty-buffer-4.1.43.Final.jar;F:\maven\maven_repository\io\netty\netty-codec\4.1.43.Final\netty-codec-4.1.43.Final.jar;F:\maven\maven_repository\io\netty\netty-transport\4.1.43.Final\netty-transport-4.1.43.Final.jar;F:\maven\maven_repository\io\netty\netty-resolver\4.1.43.Final\netty-resolver-4.1.43.Final.jar;F:\maven\maven_repository\io\projectreactor\reactor-core\3.2.12.RELEASE\reactor-core-3.2.12.RELEASE.jar;F:\maven\maven_repository\org\reactivestreams\reactive-streams\1.0.3\reactive-streams-1.0.3.jar;F:\maven\maven_repository\org\crazycake\shiro-redis\3.2.3\shiro-redis-3.2.3.jar;F:\maven\maven_repository\redis\clients\jedis\2.9.3\jedis-2.9.3.jar;F:\maven\maven_repository\org\apache\commons\commons-pool2\2.6.2\commons-pool2-2.6.2.jar;F:\maven\maven_repository\org\apache\shiro\shiro-ehcache\1.4.2\shiro-ehcache-1.4.2.jar;F:\maven\maven_repository\org\apache\shiro\shiro-cache\1.4.2\shiro-cache-1.4.2.jar;F:\maven\maven_repository\net\sf\ehcache\ehcache-core\2.6.11\ehcache-core-2.6.11.jar;F:\maven\maven_repository\cn\hutool\hutool-all\4.5.7\hutool-all-4.5.7.jar;F:\maven\maven_repository\io\jsonwebtoken\jjwt\0.9.1\jjwt-0.9.1.jar;F:\maven\maven_repository\com\fasterxml\jackson\core\jackson-databind\2.9.10.1\jackson-databind-2.9.10.1.jar;F:\maven\maven_repository\com\fasterxml\jackson\core\jackson-annotations\2.9.10\jackson-annotations-2.9.10.jar;F:\maven\maven_repository\com\fasterxml\jackson\core\jackson-core\2.9.10\jackson-core-2.9.10.jar;F:\maven\maven_repository\com\aliyun\oss\aliyun-sdk-oss\2.5.0\aliyun-sdk-oss-2.5.0.jar;F:\maven\maven_repository\org\apache\httpcomponents\httpclient\4.5.10\httpclient-4.5.10.jar;F:\maven\maven_repository\commons-codec\commons-codec\1.11\commons-codec-1.11.jar;F:\maven\maven_repository\org\jdom\jdom\1.1\jdom-1.1.jar;F:\maven\maven_repository\net\sf\json-lib\json-lib\2.4\json-lib-2.4-jdk15.jar;F:\maven\maven_repository\commons-beanutils\commons-beanutils\1.8.0\commons-beanutils-1.8.0.jar;F:\maven\maven_repository\commons-collections\commons-collections\3.2.1\commons-collections-3.2.1.jar;F:\maven\maven_repository\commons-lang\commons-lang\2.5\commons-lang-2.5.jar;F:\maven\maven_repository\net\sf\ezmorph\ezmorph\1.0.6\ezmorph-1.0.6.jar;F:\maven\maven_repository\com\aliyun\aliyun-java-sdk-core\4.5.3\aliyun-java-sdk-core-4.5.3.jar;F:\maven\maven_repository\com\google\code\gson\gson\2.8.6\gson-2.8.6.jar;F:\maven\maven_repository\org\apache\httpcomponents\httpcore\4.4.12\httpcore-4.4.12.jar;F:\maven\maven_repository\commons-logging\commons-logging\1.2\commons-logging-1.2.jar;F:\maven\maven_repository\javax\xml\bind\jaxb-api\2.3.1\jaxb-api-2.3.1.jar;F:\maven\maven_repository\javax\activation\javax.activation-api\1.2.0\javax.activation-api-1.2.0.jar;F:\maven\maven_repository\org\jacoco\org.jacoco.agent\0.8.5\org.jacoco.agent-0.8.5-runtime.jar;F:\maven\maven_repository\org\ini4j\ini4j\0.5.4\ini4j-0.5.4.jar;F:\maven\maven_repository\io\opentracing\opentracing-api\0.33.0\opentracing-api-0.33.0.jar;F:\maven\maven_repository\io\opentracing\opentracing-util\0.33.0\opentracing-util-0.33.0.jar;F:\maven\maven_repository\io\opentracing\opentracing-noop\0.33.0\opentracing-noop-0.33.0.jar;F:\maven\maven_repository\net\gplatform\Sdk4J\2.0\Sdk4J-2.0.jar;F:\javaweb\qlemusic\qlemusic-common\target\qlemusic-common-1.0-SNAPSHOT.jar;F:\maven\maven_repository\io\springfox\springfox-swagger2\2.9.2\springfox-swagger2-2.9.2.jar;F:\maven\maven_repository\io\swagger\swagger-annotations\1.5.20\swagger-annotations-1.5.20.jar;F:\maven\maven_repository\io\swagger\swagger-models\1.5.20\swagger-models-1.5.20.jar;F:\maven\maven_repository\io\springfox\springfox-spi\2.9.2\springfox-spi-2.9.2.jar;F:\maven\maven_repository\io\springfox\springfox-core\2.9.2\springfox-core-2.9.2.jar;F:\maven\maven_repository\io\springfox\springfox-schema\2.9.2\springfox-schema-2.9.2.jar;F:\maven\maven_repository\io\springfox\springfox-swagger-common\2.9.2\springfox-swagger-common-2.9.2.jar;F:\maven\maven_repository\io\springfox\springfox-spring-web\2.9.2\springfox-spring-web-2.9.2.jar;F:\maven\maven_repository\com\google\guava\guava\20.0\guava-20.0.jar;F:\maven\maven_repository\org\springframework\plugin\spring-plugin-core\1.2.0.RELEASE\spring-plugin-core-1.2.0.RELEASE.jar;F:\maven\maven_repository\org\springframework\plugin\spring-plugin-metadata\1.2.0.RELEASE\spring-plugin-metadata-1.2.0.RELEASE.jar;F:\maven\maven_repository\org\mapstruct\mapstruct\1.2.0.Final\mapstruct-1.2.0.Final.jar;F:\maven\maven_repository\io\springfox\springfox-swagger-ui\2.9.2\springfox-swagger-ui-2.9.2.jar;F:\maven\maven_repository\org\springframework\boot\spring-boot-starter-web\2.1.10.RELEASE\spring-boot-starter-web-2.1.10.RELEASE.jar;F:\maven\maven_repository\org\springframework\boot\spring-boot-starter-json\2.1.10.RELEASE\spring-boot-starter-json-2.1.10.RELEASE.jar;F:\maven\maven_repository\com\fasterxml\jackson\datatype\jackson-datatype-jdk8\2.9.10\jackson-datatype-jdk8-2.9.10.jar;F:\maven\maven_repository\com\fasterxml\jackson\datatype\jackson-datatype-jsr310\2.9.10\jackson-datatype-jsr310-2.9.10.jar;F:\maven\maven_repository\com\fasterxml\jackson\module\jackson-module-parameter-names\2.9.10\jackson-module-parameter-names-2.9.10.jar;F:\maven\maven_repository\org\springframework\boot\spring-boot-starter-tomcat\2.1.10.RELEASE\spring-boot-starter-tomcat-2.1.10.RELEASE.jar;F:\maven\maven_repository\org\apache\tomcat\embed\tomcat-embed-core\9.0.27\tomcat-embed-core-9.0.27.jar;F:\maven\maven_repository\org\apache\tomcat\embed\tomcat-embed-el\9.0.27\tomcat-embed-el-9.0.27.jar;F:\maven\maven_repository\org\apache\tomcat\embed\tomcat-embed-websocket\9.0.27\tomcat-embed-websocket-9.0.27.jar;F:\maven\maven_repository\org\hibernate\validator\hibernate-validator\6.0.18.Final\hibernate-validator-6.0.18.Final.jar;F:\maven\maven_repository\javax\validation\validation-api\2.0.1.Final\validation-api-2.0.1.Final.jar;F:\maven\maven_repository\org\jboss\logging\jboss-logging\3.3.3.Final\jboss-logging-3.3.3.Final.jar;F:\maven\maven_repository\com\fasterxml\classmate\1.4.0\classmate-1.4.0.jar;F:\maven\maven_repository\org\springframework\spring-web\5.1.11.RELEASE\spring-web-5.1.11.RELEASE.jar;F:\maven\maven_repository\org\springframework\spring-webmvc\5.1.11.RELEASE\spring-webmvc-5.1.11.RELEASE.jar;F:\maven\maven_repository\org\springframework\spring-expression\5.1.11.RELEASE\spring-expression-5.1.11.RELEASE.jar;F:\maven\maven_repository\org\springframework\boot\spring-boot-starter-aop\2.1.10.RELEASE\spring-boot-starter-aop-2.1.10.RELEASE.jar;F:\maven\maven_repository\org\springframework\spring-aop\5.1.11.RELEASE\spring-aop-5.1.11.RELEASE.jar;F:\maven\maven_repository\org\aspectj\aspectjweaver\1.9.4\aspectjweaver-1.9.4.jar;F:\maven\maven_repository\org\springframework\boot\spring-boot-starter-test\2.1.10.RELEASE\spring-boot-starter-test-2.1.10.RELEASE.jar;F:\maven\maven_repository\org\springframework\boot\spring-boot-test\2.1.10.RELEASE\spring-boot-test-2.1.10.RELEASE.jar;F:\maven\maven_repository\org\springframework\boot\spring-boot-test-autoconfigure\2.1.10.RELEASE\spring-boot-test-autoconfigure-2.1.10.RELEASE.jar;F:\maven\maven_repository\com\jayway\jsonpath\json-path\2.4.0\json-path-2.4.0.jar;F:\maven\maven_repository\net\minidev\json-smart\2.3\json-smart-2.3.jar;F:\maven\maven_repository\net\minidev\accessors-smart\1.2\accessors-smart-1.2.jar;F:\maven\maven_repository\org\ow2\asm\asm\5.0.4\asm-5.0.4.jar;F:\maven\maven_repository\junit\junit\4.12\junit-4.12.jar;F:\maven\maven_repository\org\assertj\assertj-core\3.11.1\assertj-core-3.11.1.jar;F:\maven\maven_repository\org\mockito\mockito-core\2.23.4\mockito-core-2.23.4.jar;F:\maven\maven_repository\net\bytebuddy\byte-buddy\1.9.16\byte-buddy-1.9.16.jar;F:\maven\maven_repository\net\bytebuddy\byte-buddy-agent\1.9.16\byte-buddy-agent-1.9.16.jar;F:\maven\maven_repository\org\objenesis\objenesis\2.6\objenesis-2.6.jar;F:\maven\maven_repository\org\hamcrest\hamcrest-core\1.3\hamcrest-core-1.3.jar;F:\maven\maven_repository\org\hamcrest\hamcrest-library\1.3\hamcrest-library-1.3.jar;F:\maven\maven_repository\org\skyscreamer\jsonassert\1.5.0\jsonassert-1.5.0.jar;F:\maven\maven_repository\com\vaadin\external\google\android-json\0.0.20131108.vaadin1\android-json-0.0.20131108.vaadin1.jar;F:\maven\maven_repository\org\springframework\spring-test\5.1.11.RELEASE\spring-test-5.1.11.RELEASE.jar;F:\maven\maven_repository\org\xmlunit\xmlunit-core\2.6.3\xmlunit-core-2.6.3.jar;F:\maven\maven_repository\com\github\pagehelper\pagehelper-spring-boot-starter\1.2.10\pagehelper-spring-boot-starter-1.2.10.jar;F:\maven\maven_repository\org\mybatis\spring\boot\mybatis-spring-boot-starter\1.3.2\mybatis-spring-boot-starter-1.3.2.jar;F:\maven\maven_repository\org\springframework\boot\spring-boot-starter-jdbc\2.1.10.RELEASE\spring-boot-starter-jdbc-2.1.10.RELEASE.jar;F:\maven\maven_repository\com\zaxxer\HikariCP\3.2.0\HikariCP-3.2.0.jar;F:\maven\maven_repository\org\springframework\spring-jdbc\5.1.11.RELEASE\spring-jdbc-5.1.11.RELEASE.jar;F:\maven\maven_repository\org\mybatis\spring\boot\mybatis-spring-boot-autoconfigure\1.3.2\mybatis-spring-boot-autoconfigure-1.3.2.jar;F:\maven\maven_repository\org\mybatis\mybatis\3.4.5\mybatis-3.4.5.jar;F:\maven\maven_repository\org\mybatis\mybatis-spring\1.3.2\mybatis-spring-1.3.2.jar;F:\maven\maven_repository\com\github\pagehelper\pagehelper-spring-boot-autoconfigure\1.2.10\pagehelper-spring-boot-autoconfigure-1.2.10.jar;F:\maven\maven_repository\com\github\pagehelper\pagehelper\5.1.8\pagehelper-5.1.8.jar;F:\maven\maven_repository\com\github\jsqlparser\jsqlparser\1.2\jsqlparser-1.2.jar;F:\maven\maven_repository\com\alibaba\druid-spring-boot-starter\1.1.22\druid-spring-boot-starter-1.1.22.jar;F:\maven\maven_repository\com\alibaba\druid\1.1.22\druid-1.1.22.jar;F:\maven\maven_repository\org\springframework\boot\spring-boot-autoconfigure\2.1.10.RELEASE\spring-boot-autoconfigure-2.1.10.RELEASE.jar;F:\maven\maven_repository\org\apache\shiro\shiro-spring\1.4.2\shiro-spring-1.4.2.jar;F:\maven\maven_repository\org\apache\shiro\shiro-core\1.4.2\shiro-core-1.4.2.jar;F:\maven\maven_repository\org\apache\shiro\shiro-lang\1.4.2\shiro-lang-1.4.2.jar;F:\maven\maven_repository\org\apache\shiro\shiro-crypto-hash\1.4.2\shiro-crypto-hash-1.4.2.jar;F:\maven\maven_repository\org\apache\shiro\shiro-crypto-core\1.4.2\shiro-crypto-core-1.4.2.jar;F:\maven\maven_repository\org\apache\shiro\shiro-crypto-cipher\1.4.2\shiro-crypto-cipher-1.4.2.jar;F:\maven\maven_repository\org\apache\shiro\shiro-config-core\1.4.2\shiro-config-core-1.4.2.jar;F:\maven\maven_repository\org\apache\shiro\shiro-config-ogdl\1.4.2\shiro-config-ogdl-1.4.2.jar;F:\maven\maven_repository\org\apache\shiro\shiro-event\1.4.2\shiro-event-1.4.2.jar;F:\maven\maven_repository\org\apache\shiro\shiro-web\1.4.2\shiro-web-1.4.2.jar;"/>
    <property name="sun.cpu.endian" value="little"/>
    <property name="user.home" value="C:\Users\admin"/>
    <property name="user.language" value="zh"/>
    <property name="java.specification.vendor" value="Oracle Corporation"/>
    <property name="java.home" value="D:\IDEA\IntelliJ IDEA 2017.3.1\jre64"/>
    <property name="basedir" value="F:\javaweb\qlemusic\qlemusic-portal"/>
    <property name="file.separator" value="\"/>
    <property name="line.separator" value="&#10;"/>
    <property name="java.vm.specification.vendor" value="Oracle Corporation"/>
    <property name="java.specification.name" value="Java Platform API Specification"/>
    <property name="java.awt.graphicsenv" value="sun.awt.Win32GraphicsEnvironment"/>
    <property name="surefire.real.class.path" value="C:\Users\admin\AppData\Local\Temp\surefire7314111759044273637\surefirebooter7824121329656626481.jar"/>
    <property name="sun.boot.class.path" value="D:\IDEA\IntelliJ IDEA 2017.3.1\jre64\lib\resources.jar;D:\IDEA\IntelliJ IDEA 2017.3.1\jre64\lib\rt.jar;D:\IDEA\IntelliJ IDEA 2017.3.1\jre64\lib\sunrsasign.jar;D:\IDEA\IntelliJ IDEA 2017.3.1\jre64\lib\jsse.jar;D:\IDEA\IntelliJ IDEA 2017.3.1\jre64\lib\jce.jar;D:\IDEA\IntelliJ IDEA 2017.3.1\jre64\lib\charsets.jar;D:\IDEA\IntelliJ IDEA 2017.3.1\jre64\lib\jfr.jar;D:\IDEA\IntelliJ IDEA 2017.3.1\jre64\classes"/>
    <property name="user.script" value=""/>
    <property name="sun.management.compiler" value="HotSpot 64-Bit Tiered Compilers"/>
    <property name="java.runtime.version" value="1.8.0_152-release-1024-b8"/>
    <property name="user.name" value="admin"/>
    <property name="path.separator" value=";"/>
    <property name="os.version" value="10.0"/>
    <property name="java.endorsed.dirs" value="D:\IDEA\IntelliJ IDEA 2017.3.1\jre64\lib\endorsed"/>
    <property name="java.runtime.name" value="OpenJDK Runtime Environment"/>
    <property name="file.encoding" value="GBK"/>
    <property name="java.vm.name" value="OpenJDK 64-Bit Server VM"/>
    <property name="localRepository" value="F:\maven\maven_repository"/>
    <property name="java.vendor.url.bug" value="https://youtrack.jetbrains.com"/>
    <property name="java.io.tmpdir" value="C:\Users\admin\AppData\Local\Temp\"/>
    <property name="idea.version" value="2017.3.1"/>
    <property name="java.version" value="1.8.0_152-release"/>
    <property name="user.dir" value="F:\javaweb\qlemusic\qlemusic-portal"/>
    <property name="os.arch" value="amd64"/>
    <property name="java.vm.specification.name" value="Java Virtual Machine Specification"/>
    <property name="java.awt.printerjob" value="sun.awt.windows.WPrinterJob"/>
    <property name="sun.os.patch.level" value=""/>
    <property name="java.library.path" value="D:\IDEA\IntelliJ IDEA 2017.3.1\jre64\bin;C:\Windows\Sun\Java\bin;C:\Windows\system32;C:\Windows;;C:\ProgramData\Oracle\Java\javapath;C:\Program Files\Java\jdk1.8.0_131\bin;D:\Program Files (x86)\NetSarang\Xftp 6\;D:\oracle\product\10.2.0\db_1\bin;F:\maven\apache-maven-3.5.2\bin;C:\Windows;C:\Windows\system32;C:\Windows\System32\Wbem;C:\Windows\System32\WindowsPowerShell\v1.0\;C:\Windows\System32\OpenSSH\;C:\Program Files\MySQL\MySQL Server 5.5\bin;C:\Program Files\Git\cmd;C:\Program Files\TortoiseGit\bin;C:\Program Files\VanDyke Software\Clients\;C:\Program Files\nodejs\;D:\developer\env\MongoDB\bin;F:\gdal\release-1911-x64-gdal-3-0-4-mapserver-7-4-3\bin;C:\Users\admin\AppData\Local\Microsoft\WindowsApps;C:\Users\admin\AppData\Local\Programs\Microsoft VS Code\bin;C:\Users\admin\AppData\Roaming\npm;."/>
    <property name="java.vm.info" value="mixed mode"/>
    <property name="java.vendor" value="JetBrains s.r.o"/>
    <property name="java.vm.version" value="25.152-b8"/>
    <property name="java.ext.dirs" value="D:\IDEA\IntelliJ IDEA 2017.3.1\jre64\lib\ext;C:\Windows\Sun\Java\lib\ext"/>
    <property name="sun.io.unicode.encoding" value="UnicodeLittle"/>
    <property name="maven.repo.local" value="F:\maven\maven_repository"/>
    <property name="java.class.version" value="52.0"/>
  </properties>
  <testcase name="t1" classname="com.cjj.qlemusic.portal.RedisTest" time="0.34"/>
  <testcase name="t2" classname="com.cjj.qlemusic.portal.RedisTest" time="0.025"/>
</testsuite>